[debug] [2017-09-15T05:13:26.990Z] ----------------------------------------------------------------------
[debug] [2017-09-15T05:13:26.992Z] Command:      /usr/local/bin/node /usr/local/bin/firebase deploy
[debug] [2017-09-15T05:13:26.993Z] CLI Version:  3.9.1
[debug] [2017-09-15T05:13:26.993Z] Platform:     darwin
[debug] [2017-09-15T05:13:26.993Z] Node Version: v7.7.2
[debug] [2017-09-15T05:13:26.994Z] Time:         Fri Sep 15 2017 00:13:26 GMT-0500 (-05)
[debug] [2017-09-15T05:13:26.994Z] ----------------------------------------------------------------------
[debug] 
[debug] [2017-09-15T05:13:27.008Z] > command requires scopes: ["email","openid","https://www.googleapis.com/auth/cloudplatformprojects.readonly","https://www.googleapis.com/auth/firebase","https://www.googleapis.com/auth/cloud-platform"]
[debug] [2017-09-15T05:13:27.008Z] > authorizing via signed-in user
[debug] [2017-09-15T05:13:27.010Z] > refreshing access token with scopes: ["email","https://www.googleapis.com/auth/cloud-platform","https://www.googleapis.com/auth/cloudplatformprojects.readonly","https://www.googleapis.com/auth/firebase","openid"]
[debug] [2017-09-15T05:13:27.011Z] >>> HTTP REQUEST POST https://www.googleapis.com/oauth2/v3/token { refresh_token: '1/ezlT2MpfOAffAnaE8_9bzkxcACC1CG7LLuWePSD8fzM',
  client_id: '563584335869-fgrhgmd47bqnekij5i8b5pr03ho849e6.apps.googleusercontent.com',
  client_secret: 'j9iVZfS8kkCEFUPaAeJV0sAi',
  grant_type: 'refresh_token',
  scope: 'email https://www.googleapis.com/auth/cloud-platform https://www.googleapis.com/auth/cloudplatformprojects.readonly https://www.googleapis.com/auth/firebase openid' } 
 Fri Sep 15 2017 00:13:27 GMT-0500 (-05)
[debug] [2017-09-15T05:13:27.331Z] <<< HTTP RESPONSE 200
[debug] [2017-09-15T05:13:27.341Z] >>> HTTP REQUEST GET https://admin.firebase.com/v1/projects/todomvc-8d040  
 Fri Sep 15 2017 00:13:27 GMT-0500 (-05)
[debug] [2017-09-15T05:13:28.023Z] <<< HTTP RESPONSE 200
[debug] [2017-09-15T05:13:28.025Z] >>> HTTP REQUEST GET https://admin.firebase.com/v1/database/todomvc-8d040/tokens  
 Fri Sep 15 2017 00:13:28 GMT-0500 (-05)
[debug] [2017-09-15T05:13:28.643Z] <<< HTTP RESPONSE 200
[info] 
[info] === Deploying to 'todomvc-8d040'...
[info] 
[info] i  deploying hosting
[info] i  hosting: preparing dist directory for upload...
[debug] [2017-09-15T05:13:29.805Z] >>> HTTP REQUEST PUT https://deploy.firebase.com/v1/hosting/todomvc-8d040/uploads/-Ku2xAwqs_7l0eDx1jEC?fileCount=8&message=  
 Fri Sep 15 2017 00:13:29 GMT-0500 (-05)
